Сборка начата 20.05.2016 17:49:41.
     1>Проект "c:\Users\Вадим\documents\visual studio 2013\Projects\Win32Project1\Win32Project1\Win32Project1.vcxproj" в узле 2 (целевые объекты Build).
     1>ClCompile:
         C:\Program Files (x86)\Microsoft Visual Studio 12.0\VC\bin\CL.exe /c /IC:\opencv\build\include /Zi /nologo /W3 /WX- /sdl /O2 /Oi /Oy- /GL /D WIN32 /D NDEBUG /D _CONSOLE /D _LIB /D _UNICODE /D UNICODE /Gm- /EHsc /MD /GS /Gy /fp:precise /Zc:wchar_t /Zc:forScope /Fo"Release\\" /Fd"Release\vc120.pdb" /Gd /TP /analyze- /errorReport:prompt "Исходный код.cpp"
         Исходный код.cpp
     1>Исходный код.cpp(52): warning C4244: return: преобразование "__int64" в "int", возможна потеря данных
     1>Исходный код.cpp(91): warning C4244: return: преобразование "__int64" в "int", возможна потеря данных
     1>Исходный код.cpp(132): warning C4244: return: преобразование "__int64" в "int", возможна потеря данных
     1>Исходный код.cpp(170): warning C4244: return: преобразование "__int64" в "int", возможна потеря данных
       Link:
         C:\Program Files (x86)\Microsoft Visual Studio 12.0\VC\bin\link.exe /ERRORREPORT:PROMPT /OUT:"c:\users\вадим\documents\visual studio 2013\Projects\Win32Project1\Release\Win32Project1.exe" /INCREMENTAL:NO /NOLOGO /LIBPATH:C:\opencv\build\x64\vc14\lib opencv_world310.lib opencv_world310d.lib kernel32.lib user32.lib gdi32.lib winspool.lib comdlg32.lib advapi32.lib shell32.lib ole32.lib oleaut32.lib uuid.lib odbc32.lib odbccp32.lib /MANIFEST /MANIFESTUAC:"level='asInvoker' uiAccess='false'" /manifest:embed /DEBUG /PDB:"c:\users\вадим\documents\visual studio 2013\Projects\Win32Project1\Release\Win32Project1.pdb" /SUBSYSTEM:CONSOLE /OPT:REF /OPT:ICF /LTCG /TLBID:1 /DYNAMICBASE /NXCOMPAT /IMPLIB:"c:\users\вадим\documents\visual studio 2013\Projects\Win32Project1\Release\Win32Project1.lib" /MACHINE:X86 /SAFESEH "Release\Исходный код.obj"
     1>Исходный код.obj : error LNK2001: неразрешенный внешний символ "_cvCvtColor"
     1>Исходный код.obj : error LNK2001: неразрешенный внешний символ "_cvCreateImage"
     1>Исходный код.obj : error LNK2001: неразрешенный внешний символ "_cvThreshold"
     1>Исходный код.obj : error LNK2001: неразрешенный внешний символ "_cvLoadImage"
     1>Исходный код.obj : error LNK2001: неразрешенный внешний символ "_cvResize"
     1>Исходный код.obj : error LNK2001: неразрешенный внешний символ "_cvAvg"
     1>MSVCRT.lib(crtexe.obj) : error LNK2001: неразрешенный внешний символ "_main"
     1>c:\users\вадим\documents\visual studio 2013\Projects\Win32Project1\Release\Win32Project1.exe : fatal error LNK1120: неразрешенных внешних элементов: 7
     1>Сборка проекта "c:\Users\Вадим\documents\visual studio 2013\Projects\Win32Project1\Win32Project1\Win32Project1.vcxproj" завершена (целевые объекты Build) с ошибкой.

Ошибка сборки.

Затраченное время: 00:00:01.73
