Сборка начата 13.06.2016 17:58:35.
     1>Проект "C:\Исходники\ZBarWin64-master\ZBarWin64-master\zbar64.vcxproj" в узле 2 (целевые объекты Build).
     1>ClCompile:
         C:\Program Files (x86)\Microsoft Visual Studio 12.0\VC\bin\x86_amd64\CL.exe /c /IC:\opencv\build\include /I"C:\Исходники\ZBarWin64-master\ZBarWin64-master\zbar" /I"C:\Исходники\ZBarWin64-master\ZBarWin64-master\zbar/decoder" /I"C:\Исходники\ZBarWin64-master\ZBarWin64-master\zbar/libiconv/include" /I"C:\Исходники\ZBarWin64-master\ZBarWin64-master\zbar/qrcode" /I"C:\Исходники\ZBarWin64-master\ZBarWin64-master\include" /Zi /nologo /W3 /WX- /O2 /Oi /GL /D _CRT_SECURE_NO_WARNINGS /D WIN32 /D NDEBUG /D _WINDOWS /D _USRDLL /D ZBAR64_EXPORTS /D _UNICODE /D UNICODE /Gm- /EHsc /MT /GS /Gy /fp:precise /Zc:wchar_t /Zc:forScope /Fo"x64\Release\\" /Fd"x64\Release\vc120.pdb" /Gd /TC /errorReport:prompt zbar\processor\win.c
         win.c
     1>zbar\processor\win.c(160): warning C4244: функция: преобразование "WPARAM" в "int", возможна потеря данных
     1>zbar\processor\win.c(275): error C2275: ATOM: недопустимое использование этого типа в качестве выражения
                 C:\Program Files (x86)\Windows Kits\8.1\Include\shared\minwindef.h(237): см. объявление "ATOM"
     1>zbar\processor\win.c(275): error C2146: синтаксическая ошибка: отсутствие ";" перед идентификатором "wca"
     1>zbar\processor\win.c(275): error C2065: wca: необъявленный идентификатор
     1>zbar\processor\win.c(276): error C2065: wca: необъявленный идентификатор
     1>zbar\processor\win.c(280): error C2275: RECT: недопустимое использование этого типа в качестве выражения
                 C:\Program Files (x86)\Windows Kits\8.1\Include\shared\windef.h(160): см. объявление "RECT"
     1>zbar\processor\win.c(280): error C2146: синтаксическая ошибка: отсутствие ";" перед идентификатором "r"
     1>zbar\processor\win.c(280): error C2065: r: необъявленный идентификатор
     1>zbar\processor\win.c(280): error C2059: синтаксическая ошибка: {
     1>zbar\processor\win.c(281): error C2065: r: необъявленный идентификатор
     1>zbar\processor\win.c(281): warning C4133: функция: несовместимые типы - из "int *" в "LPRECT"
     1>zbar\processor\win.c(282): error C2065: wca: необъявленный идентификатор
     1>zbar\processor\win.c(285): error C2065: r: необъявленный идентификатор
     1>zbar\processor\win.c(285): error C2224: выражение слева от ".right" должно иметь тип структуры или объединения
     1>zbar\processor\win.c(285): error C2224: выражение слева от ".left" должно иметь тип структуры или объединения
     1>zbar\processor\win.c(285): error C2224: выражение слева от ".bottom" должно иметь тип структуры или объединения
     1>zbar\processor\win.c(285): error C2224: выражение слева от ".top" должно иметь тип структуры или объединения
     1>zbar\processor\win.c(286): warning C4047: функция: "int" отличается по уровням косвенного обращения от "void *"
     1>zbar\processor\win.c(286): warning C4024: CreateWindowExW: различные типы для формального и фактического параметров 7
     1>zbar\processor\win.c(286): warning C4024: CreateWindowExW: различные типы для формального и фактического параметров 8
     1>zbar\processor\win.c(286): warning C4133: функция: несовместимые типы - из "HMODULE" в "HWND"
     1>zbar\processor\win.c(286): warning C4133: функция: несовместимые типы - из "zbar_processor_t *" в "HMENU"
     1>zbar\processor\win.c(286): error C2198: CreateWindowExW: слишком мало аргументов для вызова
     1>Сборка проекта "C:\Исходники\ZBarWin64-master\ZBarWin64-master\zbar64.vcxproj" завершена (целевые объекты Build) с ошибкой.

Ошибка сборки.

Затраченное время: 00:00:00.98
